Using pre-set license
Built from '2020.3/staging' branch; Version is '2020.3.16f1 (049d6eca3c44) revision 302446'; Using compiler version '192528614'; Build Type 'Release'
OS: 'Windows 10 Home; OS build 19044.1645; Version 2009; 64bit' Language: 'en' Physical Memory: 16323 MB
BatchMode: 1, IsHumanControllingUs: 0, StartBugReporterOnCrash: 0, Is64bit: 1, IsPro: 0

 COMMAND LINE ARGUMENTS:
C:\Program Files\Unity\Hub\Editor\2020.3.16f1\Editor\Unity.exe
-adb2
-batchMode
-noUpm
-name
AssetImportWorker0
-projectPath
C:/Users/Bruger/Documents/GitHub/Dungeon Crawling
-logFile
Logs/AssetImportWorker0.log
-srvPort
50327
Successfully changed project path to: C:/Users/Bruger/Documents/GitHub/Dungeon Crawling
C:/Users/Bruger/Documents/GitHub/Dungeon Crawling
Using Asset Import Pipeline V2.
Refreshing native plugins compatible for Editor in 302.37 ms, found 2 plugins.
Preloading 0 native plugins for Editor in 0.00 ms.
Initialize engine version: 2020.3.16f1 (049d6eca3c44)
[Subsystems] Discovering subsystems at path C:/Program Files/Unity/Hub/Editor/2020.3.16f1/Editor/Data/Resources/UnitySubsystems
[Subsystems] Discovering subsystems at path C:/Users/Bruger/Documents/GitHub/Dungeon Crawling/Assets
GfxDevice: creating device client; threaded=0
Direct3D:
    Version:  Direct3D 11.0 [level 11.1]
    Renderer: NVIDIA GeForce GTX 1050 Ti (ID=0x1c82)
    Vendor:   
    VRAM:     4018 MB
    Driver:   27.21.14.5751
Initialize mono
Mono path[0] = 'C:/Program Files/Unity/Hub/Editor/2020.3.16f1/Editor/Data/Managed'
Mono path[1] = 'C:/Program Files/Unity/Hub/Editor/2020.3.16f1/Editor/Data/MonoBleedingEdge/lib/mono/unityjit'
Mono config path = 'C:/Program Files/Unity/Hub/Editor/2020.3.16f1/Editor/Data/MonoBleedingEdge/etc'
Using monoOptions --debugger-agent=transport=dt_socket,embedding=1,server=y,suspend=n,address=127.0.0.1:56216
Begin MonoManager ReloadAssembly
Registering precompiled unity dll's ...
Register platform support module: C:/Program Files/Unity/Hub/Editor/2020.3.16f1/Editor/Data/PlaybackEngines/WebGLSupport/UnityEditor.WebGL.Extensions.dll
Register platform support module: C:/Program Files/Unity/Hub/Editor/2020.3.16f1/Editor/Data/PlaybackEngines/WindowsStandaloneSupport/UnityEditor.WindowsStandalone.Extensions.dll
Registered in 0.063280 seconds.
Native extension for WindowsStandalone target not found
Native extension for WebGL target not found
Refreshing native plugins compatible for Editor in 56.40 ms, found 2 plugins.
Preloading 0 native plugins for Editor in 0.00 ms.
Mono: successfully reloaded assembly
- Completed reload, in  3.593 seconds
Domain Reload Profiling:
	ReloadAssembly (3594ms)
		BeginReloadAssembly (91ms)
			ExecutionOrderSort (0ms)
			DisableScriptedObjects (0ms)
			BackupInstance (0ms)
			ReleaseScriptingObjects (0ms)
			CreateAndSetChildDomain (1ms)
		EndReloadAssembly (740ms)
			LoadAssemblies (106ms)
			RebuildTransferFunctionScriptingTraits (0ms)
			SetupTypeCache (240ms)
			ReleaseScriptCaches (0ms)
			RebuildScriptCaches (48ms)
			SetupLoadedEditorAssemblies (283ms)
				LogAssemblyErrors (0ms)
				InitializePlatformSupportModulesInManaged (7ms)
				SetLoadedEditorAssemblies (0ms)
				RefreshPlugins (57ms)
				BeforeProcessingInitializeOnLoad (19ms)
				ProcessInitializeOnLoadAttributes (133ms)
				ProcessInitializeOnLoadMethodAttributes (67ms)
				AfterProcessingInitializeOnLoad (0ms)
				EditorAssembliesLoaded (0ms)
			ExecutionOrderSort2 (0ms)
			AwakeInstancesAfterBackupRestoration (0ms)
Platform modules already initialized, skipping
Registering precompiled user dll's ...
Registered in 0.126270 seconds.
Begin MonoManager ReloadAssembly
Native extension for WindowsStandalone target not found
Native extension for WebGL target not found
Refreshing native plugins compatible for Editor in 69.30 ms, found 2 plugins.
Preloading 0 native plugins for Editor in 0.00 ms.
Mono: successfully reloaded assembly
- Completed reload, in  3.382 seconds
Domain Reload Profiling:
	ReloadAssembly (3383ms)
		BeginReloadAssembly (254ms)
			ExecutionOrderSort (0ms)
			DisableScriptedObjects (7ms)
			BackupInstance (0ms)
			ReleaseScriptingObjects (0ms)
			CreateAndSetChildDomain (27ms)
		EndReloadAssembly (2945ms)
			LoadAssemblies (1069ms)
			RebuildTransferFunctionScriptingTraits (0ms)
			SetupTypeCache (497ms)
			ReleaseScriptCaches (1ms)
			RebuildScriptCaches (83ms)
			SetupLoadedEditorAssemblies (864ms)
				LogAssemblyErrors (0ms)
				InitializePlatformSupportModulesInManaged (9ms)
				SetLoadedEditorAssemblies (0ms)
				RefreshPlugins (69ms)
				BeforeProcessingInitializeOnLoad (115ms)
				ProcessInitializeOnLoadAttributes (645ms)
				ProcessInitializeOnLoadMethodAttributes (9ms)
				AfterProcessingInitializeOnLoad (16ms)
				EditorAssembliesLoaded (0ms)
			ExecutionOrderSort2 (0ms)
			AwakeInstancesAfterBackupRestoration (10ms)
Platform modules already initialized, skipping
========================================================================
Worker process is ready to serve import requests
Launched and connected shader compiler UnityShaderCompiler.exe after 0.18 seconds
Refreshing native plugins compatible for Editor in 0.89 ms, found 2 plugins.
Preloading 0 native plugins for Editor in 0.00 ms.
Unloading 1775 Unused Serialized files (Serialized files now loaded: 0)
System memory in use before: 100.1 MB.
System memory in use after: 100.3 MB.

Unloading 19 unused Assets to reduce memory usage. Loaded Objects now: 2242.
Total: 4.664900 ms (FindLiveObjects: 0.213100 ms CreateObjectMapping: 0.091500 ms MarkObjects: 4.319600 ms  DeleteObjects: 0.038000 ms)

AssetImportParameters requested are different than current active one (requested -> active):
  custom:framework-win-MediaFoundation: 216162199b28c13a410421893ffa2e32 -> 
  custom:video-decoder-ogg-theora: a1e56fd34408186e4bbccfd4996cb3dc -> 
  custom:container-muxer-webm: aa71ff27fc2769a1b78a27578f13a17b -> 
  custom:container-demuxer-webm: 4f35f7cbe854078d1ac9338744f61a02 -> 
  custom:container-demuxer-ogg: 62fdf1f143b41e24485cea50d1cbac27 -> 
  custom:video-encoder-webm-vp8: eb34c28f22e8b96e1ab97ce403110664 -> 
  custom:video-decoder-webm-vp8: 9c59270c3fd7afecdb556c50c9e8de78 -> 
  custom:audio-decoder-ogg-vorbis: bf7c407c2cedff20999df2af8eb42d56 -> 
  custom:audio-encoder-webm-vorbis: bf7c407c2cedff20999df2af8eb42d56 -> 
========================================================================
Received Import Request.
  path: Assets/Tree_Textures/normal_specular.png
  artifactKey: Guid(24c793da589299a4dae6d6290d874e92) Importer(815301076,1909f56bfc062723c751e8b465ee728b)
Start importing Assets/Tree_Textures/normal_specular.png using Guid(24c793da589299a4dae6d6290d874e92) Importer(815301076,1909f56bfc062723c751e8b465ee728b)  -> (artifact id: '7674bc5010d9f8b6b989fb6267cc32d8') in 0.541157 seconds 
  Import took 0.578134 seconds .

========================================================================
Received Import Request.
  Time since last request: 0.000301 seconds.
  path: Assets/Tree_Textures/translucency_gloss.png
  artifactKey: Guid(13e6b4a8cefa2264496bb8cf172ac030) Importer(815301076,1909f56bfc062723c751e8b465ee728b)
Start importing Assets/Tree_Textures/translucency_gloss.png using Guid(13e6b4a8cefa2264496bb8cf172ac030) Importer(815301076,1909f56bfc062723c751e8b465ee728b)  -> (artifact id: '0635909c1ab718976222682282b2e62f') in 0.063176 seconds 
  Import took 0.091145 seconds .

========================================================================
Received Import Request.
  Time since last request: 0.000285 seconds.
  path: Assets/Tree_Textures/normal_specular.png
  artifactKey: Guid(24c793da589299a4dae6d6290d874e92) Importer(815301076,1909f56bfc062723c751e8b465ee728b)
Start importing Assets/Tree_Textures/normal_specular.png using Guid(24c793da589299a4dae6d6290d874e92) Importer(815301076,1909f56bfc062723c751e8b465ee728b)  -> (artifact id: '7674bc5010d9f8b6b989fb6267cc32d8') in 0.009994 seconds 
  Import took 0.023332 seconds .

========================================================================
Received Import Request.
  Time since last request: 0.000366 seconds.
  path: Assets/Tree_Textures/translucency_gloss.png
  artifactKey: Guid(13e6b4a8cefa2264496bb8cf172ac030) Importer(815301076,1909f56bfc062723c751e8b465ee728b)
Start importing Assets/Tree_Textures/translucency_gloss.png using Guid(13e6b4a8cefa2264496bb8cf172ac030) Importer(815301076,1909f56bfc062723c751e8b465ee728b)  -> (artifact id: '0635909c1ab718976222682282b2e62f') in 0.008981 seconds 
  Import took 0.012850 seconds .

========================================================================
Received Import Request.
  Time since last request: 97.440733 seconds.
  path: Assets/External/Home.blend1
  artifactKey: Guid(243ee51467e5b774db0c033ee64477e9) Importer(815301076,1909f56bfc062723c751e8b465ee728b)
Start importing Assets/External/Home.blend1 using Guid(243ee51467e5b774db0c033ee64477e9) Importer(815301076,1909f56bfc062723c751e8b465ee728b)  -> (artifact id: '9026ffd4c7d477824e09b78252dc6ea9') in 0.055266 seconds 
  Import took 0.090612 seconds .

========================================================================
Received Import Request.
  Time since last request: 2.647203 seconds.
  path: Assets/External/Environment.blend
  artifactKey: Guid(b04fa8d4a47ad854b9a8ca88a81cc9ea) Importer(815301076,1909f56bfc062723c751e8b465ee728b)
Start importing Assets/External/Environment.blend using Guid(b04fa8d4a47ad854b9a8ca88a81cc9ea) Importer(815301076,1909f56bfc062723c751e8b465ee728b)  -> (artifact id: '3f65831ffb648df71f1f0ce0001a5c2a') in 0.367867 seconds 
  Import took 0.386967 seconds .

========================================================================
Received Import Request.
  Time since last request: 0.165070 seconds.
  path: Assets/External/Environment.blend1
  artifactKey: Guid(ca41e3be54ad96e41abad34b3222d0c3) Importer(815301076,1909f56bfc062723c751e8b465ee728b)
Start importing Assets/External/Environment.blend1 using Guid(ca41e3be54ad96e41abad34b3222d0c3) Importer(815301076,1909f56bfc062723c751e8b465ee728b)  -> (artifact id: '7e0efb82dd4203d711ba62ad5fbc7ab4') in 0.025082 seconds 
  Import took 0.048733 seconds .

========================================================================
Received Import Request.
  Time since last request: 2.437876 seconds.
  path: Assets/External/Home.blend
  artifactKey: Guid(a94be931edf9a5c43ac63810ec7c3b32) Importer(815301076,1909f56bfc062723c751e8b465ee728b)
Start importing Assets/External/Home.blend using Guid(a94be931edf9a5c43ac63810ec7c3b32) Importer(815301076,1909f56bfc062723c751e8b465ee728b)  -> (artifact id: 'e854e048f6187a3b805a307c9423addb') in 0.141070 seconds 
  Import took 0.157487 seconds .

========================================================================
Received Import Request.
  Time since last request: 148.035260 seconds.
  path: Assets/External
  artifactKey: Guid(e1720841ab2f5b94a8ec4d5d9ce9ed8b) Importer(815301076,1909f56bfc062723c751e8b465ee728b)
Start importing Assets/External using Guid(e1720841ab2f5b94a8ec4d5d9ce9ed8b) Importer(815301076,1909f56bfc062723c751e8b465ee728b)  -> (artifact id: '95b167433d55c022c0a6cc96bc6026ec') in 0.011789 seconds 
  Import took 0.032470 seconds .

========================================================================
Received Import Request.
  Time since last request: 6.232191 seconds.
  path: Assets/External/Blender
  artifactKey: Guid(3459a2337dd70cb43aa42cf6f57d6ecc) Importer(815301076,1909f56bfc062723c751e8b465ee728b)
Start importing Assets/External/Blender using Guid(3459a2337dd70cb43aa42cf6f57d6ecc) Importer(815301076,1909f56bfc062723c751e8b465ee728b)  -> (artifact id: 'af2daaee6cc7a6c996846f079d869b13') in 0.009274 seconds 
  Import took 0.029009 seconds .

========================================================================
Received Import Request.
  Time since last request: 0.001364 seconds.
  path: Assets/External/Blender
  artifactKey: Guid(3459a2337dd70cb43aa42cf6f57d6ecc) Importer(815301076,1909f56bfc062723c751e8b465ee728b)
Start importing Assets/External/Blender using Guid(3459a2337dd70cb43aa42cf6f57d6ecc) Importer(815301076,1909f56bfc062723c751e8b465ee728b)  -> (artifact id: 'af2daaee6cc7a6c996846f079d869b13') in 0.003468 seconds 
  Import took 0.006732 seconds .

========================================================================
Received Import Request.
  Time since last request: 25.254403 seconds.
  path: Assets/External/bark_normal.jpg
  artifactKey: Guid(1c3deb4da347b4643ac2b82e38a1bc75) Importer(815301076,1909f56bfc062723c751e8b465ee728b)
Start importing Assets/External/bark_normal.jpg using Guid(1c3deb4da347b4643ac2b82e38a1bc75) Importer(815301076,1909f56bfc062723c751e8b465ee728b)  -> (artifact id: 'c70677ccbe9cf3fea320420ec6f15c3b') in 0.043164 seconds 
  Import took 0.067557 seconds .

========================================================================
Received Import Request.
  Time since last request: 16.077464 seconds.
  path: Assets/External/bark_normal.jpg
  artifactKey: Guid(1c3deb4da347b4643ac2b82e38a1bc75) Importer(815301076,1909f56bfc062723c751e8b465ee728b)
Start importing Assets/External/bark_normal.jpg using Guid(1c3deb4da347b4643ac2b82e38a1bc75) Importer(815301076,1909f56bfc062723c751e8b465ee728b)  -> (artifact id: '9324895aa37c05262a0edcebfe820023') in 0.038253 seconds 
  Import took 0.064710 seconds .

========================================================================
Received Import Request.
  Time since last request: 72.007735 seconds.
  path: Assets/Materials/Trees/Leaf.mat
  artifactKey: Guid(73174418fe156da47919875a90c2190c) Importer(815301076,1909f56bfc062723c751e8b465ee728b)
Start importing Assets/Materials/Trees/Leaf.mat using Guid(73174418fe156da47919875a90c2190c) Importer(815301076,1909f56bfc062723c751e8b465ee728b)  -> (artifact id: '453a79870f795f19979b675c4c6e837f') in 0.170385 seconds 
  Import took 0.306880 seconds .

========================================================================
Received Import Request.
  Time since last request: 0.001713 seconds.
  path: Assets/Tree.prefab
  artifactKey: Guid(e9067d4051d72f94481fea78174fde28) Importer(815301076,1909f56bfc062723c751e8b465ee728b)
Start importing Assets/Tree.prefab using Guid(e9067d4051d72f94481fea78174fde28) Importer(815301076,1909f56bfc062723c751e8b465ee728b)  -> (artifact id: '0441660044a46a462aaf4aaef567b29b') in 0.155742 seconds 
  Import took 0.187649 seconds .

========================================================================
Received Import Request.
  Time since last request: 0.002771 seconds.
  path: Assets/Tree.prefab
  artifactKey: Guid(e9067d4051d72f94481fea78174fde28) Importer(815301076,1909f56bfc062723c751e8b465ee728b)
Start importing Assets/Tree.prefab using Guid(e9067d4051d72f94481fea78174fde28) Importer(815301076,1909f56bfc062723c751e8b465ee728b)  -> (artifact id: '0441660044a46a462aaf4aaef567b29b') in 0.097805 seconds 
  Import took 0.102161 seconds .

========================================================================
Received Import Request.
  Time since last request: 26.412089 seconds.
  path: Assets/Tree.prefab
  artifactKey: Guid(e9067d4051d72f94481fea78174fde28) Importer(815301076,1909f56bfc062723c751e8b465ee728b)
Start importing Assets/Tree.prefab using Guid(e9067d4051d72f94481fea78174fde28) Importer(815301076,1909f56bfc062723c751e8b465ee728b)  -> (artifact id: 'b5c97e0150c5f28d2f47ecf8800716fa') in 0.069994 seconds 
  Import took 0.093878 seconds .

========================================================================
Received Import Request.
  Time since last request: 245.152859 seconds.
  path: Assets/Prefabs/Trees
  artifactKey: Guid(8c75d8bca86ec8e47b7e01a5f111c1bd) Importer(815301076,1909f56bfc062723c751e8b465ee728b)
Start importing Assets/Prefabs/Trees using Guid(8c75d8bca86ec8e47b7e01a5f111c1bd) Importer(815301076,1909f56bfc062723c751e8b465ee728b)  -> (artifact id: '511fb0b9ac96040376dbecb9a069a295') in 0.008126 seconds 
  Import took 0.022008 seconds .

========================================================================
Received Import Request.
  Time since last request: 5.737362 seconds.
  path: Assets/Prefabs/Trees/BasicTree.prefab
  artifactKey: Guid(84412747b6c2ea04eb599b995eb0367f) Importer(815301076,1909f56bfc062723c751e8b465ee728b)
Start importing Assets/Prefabs/Trees/BasicTree.prefab using Guid(84412747b6c2ea04eb599b995eb0367f) Importer(815301076,1909f56bfc062723c751e8b465ee728b)  -> (artifact id: 'aa95a15a48b341783d176a84f6da37ca') in 0.026443 seconds 
  Import took 0.055572 seconds .

========================================================================
Received Import Request.
  Time since last request: 0.023734 seconds.
  path: Assets/Prefabs/Trees/BasicTree.prefab
  artifactKey: Guid(84412747b6c2ea04eb599b995eb0367f) Importer(815301076,1909f56bfc062723c751e8b465ee728b)
Start importing Assets/Prefabs/Trees/BasicTree.prefab using Guid(84412747b6c2ea04eb599b995eb0367f) Importer(815301076,1909f56bfc062723c751e8b465ee728b)  -> (artifact id: 'aa95a15a48b341783d176a84f6da37ca') in 0.020571 seconds 
  Import took 0.025437 seconds .

========================================================================
Received Import Request.
  Time since last request: 16.157726 seconds.
  path: Assets/Tree.prefab
  artifactKey: Guid(e9067d4051d72f94481fea78174fde28) Importer(815301076,1909f56bfc062723c751e8b465ee728b)
Start importing Assets/Tree.prefab using Guid(e9067d4051d72f94481fea78174fde28) Importer(815301076,1909f56bfc062723c751e8b465ee728b)  -> (artifact id: 'ebb988658dad54db53842f731ee50c91') in 0.077349 seconds 
  Import took 0.294890 seconds .

========================================================================
Received Import Request.
  Time since last request: 190.382790 seconds.
  path: Assets/Tree_Textures/diffuse.png
  artifactKey: Guid(149072a839108ed47bce2fc242121655) Importer(815301076,1909f56bfc062723c751e8b465ee728b)
Start importing Assets/Tree_Textures/diffuse.png using Guid(149072a839108ed47bce2fc242121655) Importer(815301076,1909f56bfc062723c751e8b465ee728b)  -> (artifact id: '3f50e33418ebd6fc73be3a7c95be991c') in 0.019130 seconds 
  Import took 0.023373 seconds .

========================================================================
Received Import Request.
  Time since last request: 0.000280 seconds.
  path: Assets/Tree_Textures/normal_specular.png
  artifactKey: Guid(24c793da589299a4dae6d6290d874e92) Importer(815301076,1909f56bfc062723c751e8b465ee728b)
Start importing Assets/Tree_Textures/normal_specular.png using Guid(24c793da589299a4dae6d6290d874e92) Importer(815301076,1909f56bfc062723c751e8b465ee728b)  -> (artifact id: '6aca3af4bbf43f3359bcc1812fb3af79') in 0.012998 seconds 
  Import took 0.050260 seconds .

========================================================================
Received Import Request.
  Time since last request: 0.000273 seconds.
  path: Assets/Tree_Textures/translucency_gloss.png
  artifactKey: Guid(13e6b4a8cefa2264496bb8cf172ac030) Importer(815301076,1909f56bfc062723c751e8b465ee728b)
Start importing Assets/Tree_Textures/translucency_gloss.png using Guid(13e6b4a8cefa2264496bb8cf172ac030) Importer(815301076,1909f56bfc062723c751e8b465ee728b)  -> (artifact id: '7b0f0b0676d1cb983181196e2044f9e6') in 0.012814 seconds 
  Import took 0.017243 seconds .

========================================================================
Received Import Request.
  Time since last request: 0.000569 seconds.
  path: Assets/Tree_Textures/normal_specular.png
  artifactKey: Guid(24c793da589299a4dae6d6290d874e92) Importer(815301076,1909f56bfc062723c751e8b465ee728b)
Start importing Assets/Tree_Textures/normal_specular.png using Guid(24c793da589299a4dae6d6290d874e92) Importer(815301076,1909f56bfc062723c751e8b465ee728b)  -> (artifact id: '6aca3af4bbf43f3359bcc1812fb3af79') in 0.009645 seconds 
  Import took 0.013567 seconds .

========================================================================
Received Import Request.
  Time since last request: 0.009569 seconds.
  path: Assets/Tree_Textures/translucency_gloss.png
  artifactKey: Guid(13e6b4a8cefa2264496bb8cf172ac030) Importer(815301076,1909f56bfc062723c751e8b465ee728b)
Start importing Assets/Tree_Textures/translucency_gloss.png using Guid(13e6b4a8cefa2264496bb8cf172ac030) Importer(815301076,1909f56bfc062723c751e8b465ee728b)  -> (artifact id: '7b0f0b0676d1cb983181196e2044f9e6') in 0.009050 seconds 
  Import took 0.013332 seconds .

========================================================================
Received Import Request.
  Time since last request: 10.769231 seconds.
  path: Assets/Tree.prefab
  artifactKey: Guid(e9067d4051d72f94481fea78174fde28) Importer(815301076,1909f56bfc062723c751e8b465ee728b)
Start importing Assets/Tree.prefab using Guid(e9067d4051d72f94481fea78174fde28) Importer(815301076,1909f56bfc062723c751e8b465ee728b)  -> (artifact id: '3c1dff17e0112db549b247464709883d') in 0.067305 seconds 
  Import took 0.071081 seconds .

========================================================================
Received Import Request.
  Time since last request: 21.640549 seconds.
  path: Assets/Prefabs/Trees/Tree.prefab
  artifactKey: Guid(e9067d4051d72f94481fea78174fde28) Importer(815301076,1909f56bfc062723c751e8b465ee728b)
Start importing Assets/Prefabs/Trees/Tree.prefab using Guid(e9067d4051d72f94481fea78174fde28) Importer(815301076,1909f56bfc062723c751e8b465ee728b)  -> (artifact id: '0afa577e121ea3f20696516bc22bdf10') in 0.063866 seconds 
  Import took 0.124062 seconds .

========================================================================
Received Import Request.
  Time since last request: 2.395085 seconds.
  path: Assets/Prefabs/Trees/Tree.prefab
  artifactKey: Guid(e9067d4051d72f94481fea78174fde28) Importer(815301076,1909f56bfc062723c751e8b465ee728b)
Start importing Assets/Prefabs/Trees/Tree.prefab using Guid(e9067d4051d72f94481fea78174fde28) Importer(815301076,1909f56bfc062723c751e8b465ee728b)  -> (artifact id: '3aa26e3536ca6aa45d956a10e2e2fa06') in 0.093156 seconds 
  Import took 0.124996 seconds .

========================================================================
Received Import Request.
  Time since last request: 1.325955 seconds.
  path: Assets/Prefabs/Trees/Tree.prefab
  artifactKey: Guid(e9067d4051d72f94481fea78174fde28) Importer(815301076,1909f56bfc062723c751e8b465ee728b)
Start importing Assets/Prefabs/Trees/Tree.prefab using Guid(e9067d4051d72f94481fea78174fde28) Importer(815301076,1909f56bfc062723c751e8b465ee728b)  -> (artifact id: 'd43a582e73ee5b0c6c77ef4a39f7e2fa') in 0.057459 seconds 
  Import took 0.067509 seconds .

========================================================================
Received Import Request.
  Time since last request: 1.403115 seconds.
  path: Assets/Prefabs/Trees/Tree.prefab
  artifactKey: Guid(e9067d4051d72f94481fea78174fde28) Importer(815301076,1909f56bfc062723c751e8b465ee728b)
Start importing Assets/Prefabs/Trees/Tree.prefab using Guid(e9067d4051d72f94481fea78174fde28) Importer(815301076,1909f56bfc062723c751e8b465ee728b)  -> (artifact id: '8048102b55742aec5c99250c81694e50') in 0.072124 seconds 
  Import took 0.090773 seconds .

========================================================================
Received Import Request.
  Time since last request: 2.681983 seconds.
  path: Assets/Prefabs/Trees/Tree.prefab
  artifactKey: Guid(e9067d4051d72f94481fea78174fde28) Importer(815301076,1909f56bfc062723c751e8b465ee728b)
Start importing Assets/Prefabs/Trees/Tree.prefab using Guid(e9067d4051d72f94481fea78174fde28) Importer(815301076,1909f56bfc062723c751e8b465ee728b)  -> (artifact id: 'ebb68a0c39411a025b18ca1f58377d69') in 0.102714 seconds 
  Import took 0.108027 seconds .

========================================================================
Received Import Request.
  Time since last request: 6.462576 seconds.
  path: Assets/Prefabs/Trees/Tree.prefab
  artifactKey: Guid(e9067d4051d72f94481fea78174fde28) Importer(815301076,1909f56bfc062723c751e8b465ee728b)
Start importing Assets/Prefabs/Trees/Tree.prefab using Guid(e9067d4051d72f94481fea78174fde28) Importer(815301076,1909f56bfc062723c751e8b465ee728b)  -> (artifact id: '08de268bcb84c3798099d8f2dfc0b6a4') in 0.060850 seconds 
  Import took 0.091593 seconds .

========================================================================
Received Import Request.
  Time since last request: 3.371174 seconds.
  path: Assets/Prefabs/Trees/Tree.prefab
  artifactKey: Guid(e9067d4051d72f94481fea78174fde28) Importer(815301076,1909f56bfc062723c751e8b465ee728b)
Start importing Assets/Prefabs/Trees/Tree.prefab using Guid(e9067d4051d72f94481fea78174fde28) Importer(815301076,1909f56bfc062723c751e8b465ee728b)  -> (artifact id: '5d21e8ed556365c739318216bf5d115d') in 0.068243 seconds 
  Import took 0.090333 seconds .

========================================================================
Received Import Request.
  Time since last request: 1.336405 seconds.
  path: Assets/Prefabs/Trees/Tree.prefab
  artifactKey: Guid(e9067d4051d72f94481fea78174fde28) Importer(815301076,1909f56bfc062723c751e8b465ee728b)
Start importing Assets/Prefabs/Trees/Tree.prefab using Guid(e9067d4051d72f94481fea78174fde28) Importer(815301076,1909f56bfc062723c751e8b465ee728b)  -> (artifact id: '6aba7ab00b7ae29f4b37747b53aef9bd') in 0.066713 seconds 
  Import took 0.070913 seconds .

========================================================================
Received Import Request.
  Time since last request: 1.348185 seconds.
  path: Assets/Prefabs/Trees/Tree.prefab
  artifactKey: Guid(e9067d4051d72f94481fea78174fde28) Importer(815301076,1909f56bfc062723c751e8b465ee728b)
Start importing Assets/Prefabs/Trees/Tree.prefab using Guid(e9067d4051d72f94481fea78174fde28) Importer(815301076,1909f56bfc062723c751e8b465ee728b)  -> (artifact id: 'bfcb498d2b4f1620bc2a27705f7bce25') in 0.064223 seconds 
  Import took 0.089969 seconds .

========================================================================
Received Import Request.
  Time since last request: 1.390270 seconds.
  path: Assets/Prefabs/Trees/Tree.prefab
  artifactKey: Guid(e9067d4051d72f94481fea78174fde28) Importer(815301076,1909f56bfc062723c751e8b465ee728b)
Start importing Assets/Prefabs/Trees/Tree.prefab using Guid(e9067d4051d72f94481fea78174fde28) Importer(815301076,1909f56bfc062723c751e8b465ee728b)  -> (artifact id: 'f7ec2ab820b1991b001b994f0c761b37') in 0.101684 seconds 
  Import took 0.125359 seconds .

========================================================================
Received Import Request.
  Time since last request: 1.313568 seconds.
  path: Assets/Prefabs/Trees/Tree.prefab
  artifactKey: Guid(e9067d4051d72f94481fea78174fde28) Importer(815301076,1909f56bfc062723c751e8b465ee728b)
Start importing Assets/Prefabs/Trees/Tree.prefab using Guid(e9067d4051d72f94481fea78174fde28) Importer(815301076,1909f56bfc062723c751e8b465ee728b)  -> (artifact id: '007ce6c0d222070d7009f10d0017c156') in 0.067531 seconds 
  Import took 0.110577 seconds .

========================================================================
Received Import Request.
  Time since last request: 1.572745 seconds.
  path: Assets/Prefabs/Trees/Tree.prefab
  artifactKey: Guid(e9067d4051d72f94481fea78174fde28) Importer(815301076,1909f56bfc062723c751e8b465ee728b)
Start importing Assets/Prefabs/Trees/Tree.prefab using Guid(e9067d4051d72f94481fea78174fde28) Importer(815301076,1909f56bfc062723c751e8b465ee728b)  -> (artifact id: 'cf0ad60ce78dd3405ba4183dc3f8002f') in 0.078766 seconds 
  Import took 0.104312 seconds .

========================================================================
Received Import Request.
  Time since last request: 4.852544 seconds.
  path: Assets/Prefabs/Trees/Tree.prefab
  artifactKey: Guid(e9067d4051d72f94481fea78174fde28) Importer(815301076,1909f56bfc062723c751e8b465ee728b)
Start importing Assets/Prefabs/Trees/Tree.prefab using Guid(e9067d4051d72f94481fea78174fde28) Importer(815301076,1909f56bfc062723c751e8b465ee728b)  -> (artifact id: '56ba6d4170d7708a27f57466182ddc7d') in 0.069032 seconds 
  Import took 0.082576 seconds .

========================================================================
Received Import Request.
  Time since last request: 1.810958 seconds.
  path: Assets/Prefabs/Trees/Tree.prefab
  artifactKey: Guid(e9067d4051d72f94481fea78174fde28) Importer(815301076,1909f56bfc062723c751e8b465ee728b)
Start importing Assets/Prefabs/Trees/Tree.prefab using Guid(e9067d4051d72f94481fea78174fde28) Importer(815301076,1909f56bfc062723c751e8b465ee728b)  -> (artifact id: '45bbf3e1e6d086a5b09345a9e0f8ee6b') in 0.063866 seconds 
  Import took 0.091397 seconds .

========================================================================
Received Import Request.
  Time since last request: 1.380502 seconds.
  path: Assets/Prefabs/Trees/Tree.prefab
  artifactKey: Guid(e9067d4051d72f94481fea78174fde28) Importer(815301076,1909f56bfc062723c751e8b465ee728b)
Start importing Assets/Prefabs/Trees/Tree.prefab using Guid(e9067d4051d72f94481fea78174fde28) Importer(815301076,1909f56bfc062723c751e8b465ee728b)  -> (artifact id: 'bf1c4319994212d28d179e1be27c5594') in 0.065449 seconds 
  Import took 0.069187 seconds .

========================================================================
Received Import Request.
  Time since last request: 1.365715 seconds.
  path: Assets/Prefabs/Trees/Tree.prefab
  artifactKey: Guid(e9067d4051d72f94481fea78174fde28) Importer(815301076,1909f56bfc062723c751e8b465ee728b)
Start importing Assets/Prefabs/Trees/Tree.prefab using Guid(e9067d4051d72f94481fea78174fde28) Importer(815301076,1909f56bfc062723c751e8b465ee728b)  -> (artifact id: 'fa1d29e8f4efd9354149743cdb7f96b1') in 0.071432 seconds 
  Import took 0.103830 seconds .

========================================================================
Received Import Request.
  Time since last request: 10.717078 seconds.
  path: Assets/Prefabs/Trees/Tree.prefab
  artifactKey: Guid(e9067d4051d72f94481fea78174fde28) Importer(815301076,1909f56bfc062723c751e8b465ee728b)
Start importing Assets/Prefabs/Trees/Tree.prefab using Guid(e9067d4051d72f94481fea78174fde28) Importer(815301076,1909f56bfc062723c751e8b465ee728b)  -> (artifact id: 'ee5a5d8eb42b014fa264eb2e08d1de98') in 0.058386 seconds 
  Import took 0.094115 seconds .

========================================================================
Received Import Request.
  Time since last request: 3.777876 seconds.
  path: Assets/Prefabs/Trees/Tree.prefab
  artifactKey: Guid(e9067d4051d72f94481fea78174fde28) Importer(815301076,1909f56bfc062723c751e8b465ee728b)
Start importing Assets/Prefabs/Trees/Tree.prefab using Guid(e9067d4051d72f94481fea78174fde28) Importer(815301076,1909f56bfc062723c751e8b465ee728b)  -> (artifact id: '7e1fff8e5b684bde51f261a52120f0b6') in 0.071463 seconds 
  Import took 0.101209 seconds .

========================================================================
Received Import Request.
  Time since last request: 3887.807317 seconds.
  path: Assets/Prefabs/Trees/Tree.prefab
  artifactKey: Guid(e9067d4051d72f94481fea78174fde28) Importer(815301076,1909f56bfc062723c751e8b465ee728b)
Start importing Assets/Prefabs/Trees/Tree.prefab using Guid(e9067d4051d72f94481fea78174fde28) Importer(815301076,1909f56bfc062723c751e8b465ee728b)  -> (artifact id: 'cfd41357ef50a4f413d0b083adcac2a7') in 0.319304 seconds 
  Import took 0.352984 seconds .

========================================================================
Received Import Request.
  Time since last request: 43.366320 seconds.
  path: Assets/Prefabs/Trees/Tree.prefab
  artifactKey: Guid(e9067d4051d72f94481fea78174fde28) Importer(815301076,1909f56bfc062723c751e8b465ee728b)
Start importing Assets/Prefabs/Trees/Tree.prefab using Guid(e9067d4051d72f94481fea78174fde28) Importer(815301076,1909f56bfc062723c751e8b465ee728b)  -> (artifact id: '86e4a2c3ee37b862224c1e651e9818db') in 0.107737 seconds 
  Import took 0.113146 seconds .

========================================================================
Received Import Request.
  Time since last request: 81.158924 seconds.
  path: Assets/Prefabs/Trees/Tree.prefab
  artifactKey: Guid(e9067d4051d72f94481fea78174fde28) Importer(815301076,1909f56bfc062723c751e8b465ee728b)
Start importing Assets/Prefabs/Trees/Tree.prefab using Guid(e9067d4051d72f94481fea78174fde28) Importer(815301076,1909f56bfc062723c751e8b465ee728b)  -> (artifact id: '5d777899718153a2bab8fbc093f3c34e') in 0.144709 seconds 
  Import took 0.150160 seconds .

========================================================================
Received Import Request.
  Time since last request: 1590.992198 seconds.
  path: Assets/Prefabs/Trees/Tree_Textures/diffuse.png
  artifactKey: Guid(432738173ffc602428a6ea730174d523) Importer(815301076,1909f56bfc062723c751e8b465ee728b)
Start importing Assets/Prefabs/Trees/Tree_Textures/diffuse.png using Guid(432738173ffc602428a6ea730174d523) Importer(815301076,1909f56bfc062723c751e8b465ee728b)  -> (artifact id: '19d5f4d7952339b87d1a0f753b929b3c') in 0.024188 seconds 
  Import took 0.059777 seconds .

========================================================================
Received Import Request.
  Time since last request: 0.000337 seconds.
  path: Assets/Prefabs/Trees/Tree_Textures/shadow.png
  artifactKey: Guid(196675605f1eca84a831689a8270b44a) Importer(815301076,1909f56bfc062723c751e8b465ee728b)
Start importing Assets/Prefabs/Trees/Tree_Textures/shadow.png using Guid(196675605f1eca84a831689a8270b44a) Importer(815301076,1909f56bfc062723c751e8b465ee728b)  -> (artifact id: 'c234ffe45f016147d3ff3a270d62ec24') in 0.014630 seconds 
  Import took 0.056501 seconds .

========================================================================
Received Import Request.
  Time since last request: 0.000299 seconds.
  path: Assets/Prefabs/Trees/Tree_Textures/diffuse.png
  artifactKey: Guid(432738173ffc602428a6ea730174d523) Importer(815301076,1909f56bfc062723c751e8b465ee728b)
Start importing Assets/Prefabs/Trees/Tree_Textures/diffuse.png using Guid(432738173ffc602428a6ea730174d523) Importer(815301076,1909f56bfc062723c751e8b465ee728b)  -> (artifact id: '19d5f4d7952339b87d1a0f753b929b3c') in 0.009556 seconds 
  Import took 0.013858 seconds .

========================================================================
Received Import Request.
  Time since last request: 73.915483 seconds.
  path: Assets/Prefabs/Trees/Tree.prefab
  artifactKey: Guid(e9067d4051d72f94481fea78174fde28) Importer(815301076,1909f56bfc062723c751e8b465ee728b)
Start importing Assets/Prefabs/Trees/Tree.prefab using Guid(e9067d4051d72f94481fea78174fde28) Importer(815301076,1909f56bfc062723c751e8b465ee728b)  -> (artifact id: '5cc9e6f092f9e48ae450ac6add083e27') in 0.148542 seconds 
  Import took 0.174881 seconds .

