Using pre-set license
Built from '2020.3/staging' branch; Version is '2020.3.16f1 (049d6eca3c44) revision 302446'; Using compiler version '192528614'; Build Type 'Release'
OS: 'Windows 10 Home; OS build 19042.1526; Version 2009; 64bit' Language: 'en' Physical Memory: 16323 MB
BatchMode: 1, IsHumanControllingUs: 0, StartBugReporterOnCrash: 0, Is64bit: 1, IsPro: 0

 COMMAND LINE ARGUMENTS:
C:\Program Files\Unity\Hub\Editor\2020.3.16f1\Editor\Unity.exe
-adb2
-batchMode
-noUpm
-name
AssetImportWorker0
-projectPath
C:/Users/Bruger/Documents/GitHub/Dungeon Crawling
-logFile
Logs/AssetImportWorker0.log
-srvPort
53679
Successfully changed project path to: C:/Users/Bruger/Documents/GitHub/Dungeon Crawling
C:/Users/Bruger/Documents/GitHub/Dungeon Crawling
Using Asset Import Pipeline V2.
Refreshing native plugins compatible for Editor in 45.22 ms, found 2 plugins.
Preloading 0 native plugins for Editor in 0.00 ms.
Initialize engine version: 2020.3.16f1 (049d6eca3c44)
[Subsystems] Discovering subsystems at path C:/Program Files/Unity/Hub/Editor/2020.3.16f1/Editor/Data/Resources/UnitySubsystems
[Subsystems] Discovering subsystems at path C:/Users/Bruger/Documents/GitHub/Dungeon Crawling/Assets
GfxDevice: creating device client; threaded=0
Direct3D:
    Version:  Direct3D 11.0 [level 11.1]
    Renderer: NVIDIA GeForce GTX 1050 Ti (ID=0x1c82)
    Vendor:   
    VRAM:     4018 MB
    Driver:   27.21.14.5751
Initialize mono
Mono path[0] = 'C:/Program Files/Unity/Hub/Editor/2020.3.16f1/Editor/Data/Managed'
Mono path[1] = 'C:/Program Files/Unity/Hub/Editor/2020.3.16f1/Editor/Data/MonoBleedingEdge/lib/mono/unityjit'
Mono config path = 'C:/Program Files/Unity/Hub/Editor/2020.3.16f1/Editor/Data/MonoBleedingEdge/etc'
Using monoOptions --debugger-agent=transport=dt_socket,embedding=1,server=y,suspend=n,address=127.0.0.1:56580
Begin MonoManager ReloadAssembly
Registering precompiled unity dll's ...
Register platform support module: C:/Program Files/Unity/Hub/Editor/2020.3.16f1/Editor/Data/PlaybackEngines/WebGLSupport/UnityEditor.WebGL.Extensions.dll
Register platform support module: C:/Program Files/Unity/Hub/Editor/2020.3.16f1/Editor/Data/PlaybackEngines/WindowsStandaloneSupport/UnityEditor.WindowsStandalone.Extensions.dll
Registered in 0.007486 seconds.
Native extension for WindowsStandalone target not found
Native extension for WebGL target not found
Refreshing native plugins compatible for Editor in 42.56 ms, found 2 plugins.
Preloading 0 native plugins for Editor in 0.00 ms.
Mono: successfully reloaded assembly
- Completed reload, in  4.613 seconds
Domain Reload Profiling:
	ReloadAssembly (4613ms)
		BeginReloadAssembly (96ms)
			ExecutionOrderSort (0ms)
			DisableScriptedObjects (0ms)
			BackupInstance (0ms)
			ReleaseScriptingObjects (0ms)
			CreateAndSetChildDomain (1ms)
		EndReloadAssembly (766ms)
			LoadAssemblies (94ms)
			RebuildTransferFunctionScriptingTraits (0ms)
			SetupTypeCache (302ms)
			ReleaseScriptCaches (0ms)
			RebuildScriptCaches (54ms)
			SetupLoadedEditorAssemblies (262ms)
				LogAssemblyErrors (0ms)
				InitializePlatformSupportModulesInManaged (8ms)
				SetLoadedEditorAssemblies (1ms)
				RefreshPlugins (43ms)
				BeforeProcessingInitializeOnLoad (19ms)
				ProcessInitializeOnLoadAttributes (140ms)
				ProcessInitializeOnLoadMethodAttributes (51ms)
				AfterProcessingInitializeOnLoad (0ms)
				EditorAssembliesLoaded (0ms)
			ExecutionOrderSort2 (0ms)
			AwakeInstancesAfterBackupRestoration (0ms)
Platform modules already initialized, skipping
Registering precompiled user dll's ...
Registered in 0.007518 seconds.
Begin MonoManager ReloadAssembly
Native extension for WindowsStandalone target not found
Native extension for WebGL target not found
Refreshing native plugins compatible for Editor in 0.40 ms, found 2 plugins.
Preloading 0 native plugins for Editor in 0.00 ms.
Mono: successfully reloaded assembly
- Completed reload, in  1.772 seconds
Domain Reload Profiling:
	ReloadAssembly (1773ms)
		BeginReloadAssembly (221ms)
			ExecutionOrderSort (0ms)
			DisableScriptedObjects (7ms)
			BackupInstance (0ms)
			ReleaseScriptingObjects (0ms)
			CreateAndSetChildDomain (27ms)
		EndReloadAssembly (1461ms)
			LoadAssemblies (129ms)
			RebuildTransferFunctionScriptingTraits (0ms)
			SetupTypeCache (462ms)
			ReleaseScriptCaches (1ms)
			RebuildScriptCaches (75ms)
			SetupLoadedEditorAssemblies (618ms)
				LogAssemblyErrors (0ms)
				InitializePlatformSupportModulesInManaged (12ms)
				SetLoadedEditorAssemblies (1ms)
				RefreshPlugins (1ms)
				BeforeProcessingInitializeOnLoad (143ms)
				ProcessInitializeOnLoadAttributes (446ms)
				ProcessInitializeOnLoadMethodAttributes (6ms)
				AfterProcessingInitializeOnLoad (11ms)
				EditorAssembliesLoaded (0ms)
			ExecutionOrderSort2 (0ms)
			AwakeInstancesAfterBackupRestoration (10ms)
Platform modules already initialized, skipping
========================================================================
Worker process is ready to serve import requests
Launched and connected shader compiler UnityShaderCompiler.exe after 0.12 seconds
Refreshing native plugins compatible for Editor in 0.42 ms, found 2 plugins.
Preloading 0 native plugins for Editor in 0.00 ms.
Unloading 1402 Unused Serialized files (Serialized files now loaded: 0)
System memory in use before: 77.8 MB.
System memory in use after: 77.9 MB.

Unloading 18 unused Assets to reduce memory usage. Loaded Objects now: 1854.
Total: 5.637300 ms (FindLiveObjects: 0.213700 ms CreateObjectMapping: 0.130500 ms MarkObjects: 5.138200 ms  DeleteObjects: 0.151800 ms)

AssetImportParameters requested are different than current active one (requested -> active):
  custom:framework-win-MediaFoundation: 216162199b28c13a410421893ffa2e32 -> 
  custom:video-decoder-ogg-theora: a1e56fd34408186e4bbccfd4996cb3dc -> 
  custom:container-muxer-webm: aa71ff27fc2769a1b78a27578f13a17b -> 
  custom:container-demuxer-webm: 4f35f7cbe854078d1ac9338744f61a02 -> 
  custom:container-demuxer-ogg: 62fdf1f143b41e24485cea50d1cbac27 -> 
  custom:video-encoder-webm-vp8: eb34c28f22e8b96e1ab97ce403110664 -> 
  custom:video-decoder-webm-vp8: 9c59270c3fd7afecdb556c50c9e8de78 -> 
  custom:audio-decoder-ogg-vorbis: bf7c407c2cedff20999df2af8eb42d56 -> 
  custom:audio-encoder-webm-vorbis: bf7c407c2cedff20999df2af8eb42d56 -> 
========================================================================
Received Import Request.
  path: Assets/Models/Characters/ganfaul_m_aure.fbx
  artifactKey: Guid(50d125bcfc014c44cad4608da5ac5801) Importer(815301076,1909f56bfc062723c751e8b465ee728b)
Start importing Assets/Models/Characters/ganfaul_m_aure.fbx using Guid(50d125bcfc014c44cad4608da5ac5801) Importer(815301076,1909f56bfc062723c751e8b465ee728b)  -> (artifact id: '0046e857bde53fa8c994abdd0096ef8b') in 1.005472 seconds 
  Import took 1.010836 seconds .

========================================================================
Received Import Request.
  Time since last request: 0.465639 seconds.
  path: Assets/Models/Characters/ganfaul_m_aure.fbx
  artifactKey: Guid(50d125bcfc014c44cad4608da5ac5801) Importer(815301076,1909f56bfc062723c751e8b465ee728b)
Start importing Assets/Models/Characters/ganfaul_m_aure.fbx using Guid(50d125bcfc014c44cad4608da5ac5801) Importer(815301076,1909f56bfc062723c751e8b465ee728b)  -> (artifact id: '0046e857bde53fa8c994abdd0096ef8b') in 0.060583 seconds 
  Import took 0.064373 seconds .

========================================================================
Received Import Request.
  Time since last request: 2.965352 seconds.
  path: Assets/Models/Characters/ganfaul_m_aure.fbx
  artifactKey: Guid(50d125bcfc014c44cad4608da5ac5801) Importer(815301076,1909f56bfc062723c751e8b465ee728b)
Start importing Assets/Models/Characters/ganfaul_m_aure.fbx using Guid(50d125bcfc014c44cad4608da5ac5801) Importer(815301076,1909f56bfc062723c751e8b465ee728b)  -> (artifact id: 'e39793c0e25cc962f0bb614813ee7674') in 0.049458 seconds 
  Import took 0.077013 seconds .

========================================================================
Received Import Request.
  Time since last request: 16.393770 seconds.
  path: Assets/Models/Characters/ganfaul_m_aure.fbx
  artifactKey: Guid(50d125bcfc014c44cad4608da5ac5801) Importer(815301076,1909f56bfc062723c751e8b465ee728b)
Start importing Assets/Models/Characters/ganfaul_m_aure.fbx using Guid(50d125bcfc014c44cad4608da5ac5801) Importer(815301076,1909f56bfc062723c751e8b465ee728b)  -> (artifact id: '59d2f9e5330fc7cb0ae343c8845129e1') in 0.053961 seconds 
  Import took 0.064637 seconds .

========================================================================
Received Import Request.
  Time since last request: 13.881376 seconds.
  path: Assets/Models/Characters/ganfaul_m_aure.fbx
  artifactKey: Guid(50d125bcfc014c44cad4608da5ac5801) Importer(815301076,1909f56bfc062723c751e8b465ee728b)
Start importing Assets/Models/Characters/ganfaul_m_aure.fbx using Guid(50d125bcfc014c44cad4608da5ac5801) Importer(815301076,1909f56bfc062723c751e8b465ee728b)  -> (artifact id: '6444cf955cc19f795688f3e0f6cb805d') in 0.042322 seconds 
  Import took 0.047141 seconds .

========================================================================
Received Import Request.
  Time since last request: 6.385419 seconds.
  path: Assets/Materials/Characters/Ganfaul/Ganfaul_Body.mat
  artifactKey: Guid(0f40739ea14e1aa4facbbf34cc2b8666) Importer(815301076,1909f56bfc062723c751e8b465ee728b)
Start importing Assets/Materials/Characters/Ganfaul/Ganfaul_Body.mat using Guid(0f40739ea14e1aa4facbbf34cc2b8666) Importer(815301076,1909f56bfc062723c751e8b465ee728b)  -> (artifact id: '8e2746589ebfc76906bfafd99a2673c1') in 0.045288 seconds 
  Import took 0.048527 seconds .

========================================================================
Received Import Request.
  Time since last request: 3.932542 seconds.
  path: Assets/Textures/Characters/Ganfaul/Ganfaul_diffuse.png
  artifactKey: Guid(6b60f08d949f8584fb177f1361bab06b) Importer(815301076,1909f56bfc062723c751e8b465ee728b)
Start importing Assets/Textures/Characters/Ganfaul/Ganfaul_diffuse.png using Guid(6b60f08d949f8584fb177f1361bab06b) Importer(815301076,1909f56bfc062723c751e8b465ee728b)  -> (artifact id: '87147570bce4509aa0ba43e0dc5cf76b') in 0.108414 seconds 
  Import took 0.112759 seconds .

========================================================================
Received Import Request.
  Time since last request: 0.000298 seconds.
  path: Assets/Textures/Characters/Ganfaul/Ganfaul_normal.png
  artifactKey: Guid(88899e5daabb92d4383da32f5c40d66d) Importer(815301076,1909f56bfc062723c751e8b465ee728b)
Start importing Assets/Textures/Characters/Ganfaul/Ganfaul_normal.png using Guid(88899e5daabb92d4383da32f5c40d66d) Importer(815301076,1909f56bfc062723c751e8b465ee728b)  -> (artifact id: 'bfa4269847516d02e5727f88fa2f9930') in 0.033025 seconds 
  Import took 0.043306 seconds .

========================================================================
Received Import Request.
  Time since last request: 0.000550 seconds.
  path: Assets/Textures/Characters/Ganfaul/Ganfaul_specular.png
  artifactKey: Guid(1b26a547dee6dbe49b6f3076aef4d9f3) Importer(815301076,1909f56bfc062723c751e8b465ee728b)
Start importing Assets/Textures/Characters/Ganfaul/Ganfaul_specular.png using Guid(1b26a547dee6dbe49b6f3076aef4d9f3) Importer(815301076,1909f56bfc062723c751e8b465ee728b)  -> (artifact id: '3cc03967b52cd5a99302ebf2314e1690') in 0.033306 seconds 
  Import took 0.038577 seconds .

========================================================================
Received Import Request.
  Time since last request: 0.000374 seconds.
  path: Assets/Textures/Characters/Ganfaul/Ganfaul_glow.png
  artifactKey: Guid(28eafc5e33004c6468eec6fae7c71057) Importer(815301076,1909f56bfc062723c751e8b465ee728b)
Start importing Assets/Textures/Characters/Ganfaul/Ganfaul_glow.png using Guid(28eafc5e33004c6468eec6fae7c71057) Importer(815301076,1909f56bfc062723c751e8b465ee728b)  -> (artifact id: '387e644f19291646a5cd1d9556bc11b2') in 0.034289 seconds 
  Import took 0.040637 seconds .

========================================================================
Received Import Request.
  Time since last request: 11.877498 seconds.
  path: Assets/Models/Characters/ganfaul_m_aure.fbx
  artifactKey: Guid(50d125bcfc014c44cad4608da5ac5801) Importer(815301076,1909f56bfc062723c751e8b465ee728b)
Start importing Assets/Models/Characters/ganfaul_m_aure.fbx using Guid(50d125bcfc014c44cad4608da5ac5801) Importer(815301076,1909f56bfc062723c751e8b465ee728b)  -> (artifact id: '782bf93b7dacb09327a4271cae2dc9bd') in 0.043071 seconds 
  Import took 0.049610 seconds .

========================================================================
Received Import Request.
  Time since last request: 59.513642 seconds.
  path: Assets/Textures/Characters/Ganfaul/Ganfaul_normal.png
  artifactKey: Guid(88899e5daabb92d4383da32f5c40d66d) Importer(815301076,1909f56bfc062723c751e8b465ee728b)
Start importing Assets/Textures/Characters/Ganfaul/Ganfaul_normal.png using Guid(88899e5daabb92d4383da32f5c40d66d) Importer(815301076,1909f56bfc062723c751e8b465ee728b)  -> (artifact id: '5ee177c06975be837ba351d4f84a88ad') in 0.043455 seconds 
  Import took 0.062603 seconds .

========================================================================
Received Import Request.
  Time since last request: 50.094578 seconds.
  path: Assets/Textures/Characters/Ganfaul/ganfaul_m_aure.fbx
  artifactKey: Guid(e77db6e8e20ce324ab771496ea81b848) Importer(815301076,1909f56bfc062723c751e8b465ee728b)
Start importing Assets/Textures/Characters/Ganfaul/ganfaul_m_aure.fbx using Guid(e77db6e8e20ce324ab771496ea81b848) Importer(815301076,1909f56bfc062723c751e8b465ee728b)  -> (artifact id: '1523e081629788a4759399c855f4c6a3') in 0.048731 seconds 
  Import took 0.053204 seconds .

========================================================================
Received Import Request.
  Time since last request: 14.557664 seconds.
  path: Assets/Models/Characters/ganfaul_m_aure.fbx
  artifactKey: Guid(e77db6e8e20ce324ab771496ea81b848) Importer(815301076,1909f56bfc062723c751e8b465ee728b)
Start importing Assets/Models/Characters/ganfaul_m_aure.fbx using Guid(e77db6e8e20ce324ab771496ea81b848) Importer(815301076,1909f56bfc062723c751e8b465ee728b)  -> (artifact id: '7100d9072ca06d0551c0f02a5745b0e1') in 0.068160 seconds 
  Import took 0.072976 seconds .

========================================================================
Received Import Request.
  Time since last request: 0.017960 seconds.
  path: Assets/Models/Characters/ganfaul_m_aure.fbx
  artifactKey: Guid(e77db6e8e20ce324ab771496ea81b848) Importer(815301076,1909f56bfc062723c751e8b465ee728b)
Start importing Assets/Models/Characters/ganfaul_m_aure.fbx using Guid(e77db6e8e20ce324ab771496ea81b848) Importer(815301076,1909f56bfc062723c751e8b465ee728b)  -> (artifact id: '7100d9072ca06d0551c0f02a5745b0e1') in 0.057384 seconds 
  Import took 0.061113 seconds .

========================================================================
Received Import Request.
  Time since last request: 11.096290 seconds.
  path: Assets/Models/Characters/ganfaul_m_aure.fbx
  artifactKey: Guid(e77db6e8e20ce324ab771496ea81b848) Importer(815301076,1909f56bfc062723c751e8b465ee728b)
Start importing Assets/Models/Characters/ganfaul_m_aure.fbx using Guid(e77db6e8e20ce324ab771496ea81b848) Importer(815301076,1909f56bfc062723c751e8b465ee728b)  -> (artifact id: 'a7ca622141aa16c8a225769e6c95891e') in 0.050737 seconds 
  Import took 0.056075 seconds .

========================================================================
Received Import Request.
  Time since last request: 1.122726 seconds.
  path: Assets/Materials/Characters/Ganfaul/Ganfaul_Body.mat
  artifactKey: Guid(0f40739ea14e1aa4facbbf34cc2b8666) Importer(815301076,1909f56bfc062723c751e8b465ee728b)
Start importing Assets/Materials/Characters/Ganfaul/Ganfaul_Body.mat using Guid(0f40739ea14e1aa4facbbf34cc2b8666) Importer(815301076,1909f56bfc062723c751e8b465ee728b)  -> (artifact id: 'c1ab9b3ebbd90d46c514d13437564c84') in 0.024833 seconds 
  Import took 0.028383 seconds .

========================================================================
Received Import Request.
  Time since last request: 15.553025 seconds.
  path: Assets/Models/Characters/Gaunfaul.fbx
  artifactKey: Guid(e77db6e8e20ce324ab771496ea81b848) Importer(815301076,1909f56bfc062723c751e8b465ee728b)
Start importing Assets/Models/Characters/Gaunfaul.fbx using Guid(e77db6e8e20ce324ab771496ea81b848) Importer(815301076,1909f56bfc062723c751e8b465ee728b)  -> (artifact id: '924ea79e4f2219ed4c370ec4370334f7') in 0.084332 seconds 
  Import took 0.088997 seconds .

========================================================================
Received Import Request.
  Time since last request: 4.231062 seconds.
  path: Assets/Models/Characters/Ganfaul.fbx
  artifactKey: Guid(e77db6e8e20ce324ab771496ea81b848) Importer(815301076,1909f56bfc062723c751e8b465ee728b)
Start importing Assets/Models/Characters/Ganfaul.fbx using Guid(e77db6e8e20ce324ab771496ea81b848) Importer(815301076,1909f56bfc062723c751e8b465ee728b)  -> (artifact id: 'e3c99c18480b73b251deacea8f79b609') in 0.048658 seconds 
  Import took 0.053669 seconds .

========================================================================
Received Import Request.
  Time since last request: 10.976362 seconds.
  path: Assets/Models/Characters/Ganfaul.fbx
  artifactKey: Guid(e77db6e8e20ce324ab771496ea81b848) Importer(815301076,1909f56bfc062723c751e8b465ee728b)
Start importing Assets/Models/Characters/Ganfaul.fbx using Guid(e77db6e8e20ce324ab771496ea81b848) Importer(815301076,1909f56bfc062723c751e8b465ee728b)  -> (artifact id: 'e1dbf35593a97a52e2b4574e06427ab1') in 0.061999 seconds 
  Import took 0.066893 seconds .

========================================================================
Received Import Request.
  Time since last request: 21.739229 seconds.
  path: Assets/Prefabs/Characters/Ghoul Prefab.prefab
  artifactKey: Guid(b282d59494e7c26499bc3ebb4ce39af6) Importer(815301076,1909f56bfc062723c751e8b465ee728b)
Start importing Assets/Prefabs/Characters/Ghoul Prefab.prefab using Guid(b282d59494e7c26499bc3ebb4ce39af6) Importer(815301076,1909f56bfc062723c751e8b465ee728b)  -> (artifact id: 'd8d448395c7dbf91475bffd0b72e6573') in 0.017393 seconds 
  Import took 0.037841 seconds .

========================================================================
Received Import Request.
  Time since last request: 3.849639 seconds.
  path: Assets/Prefabs/Characters/Ganfaul Variant.prefab
  artifactKey: Guid(a871d18ed64d87746bca538e654a269a) Importer(815301076,1909f56bfc062723c751e8b465ee728b)
Start importing Assets/Prefabs/Characters/Ganfaul Variant.prefab using Guid(a871d18ed64d87746bca538e654a269a) Importer(815301076,1909f56bfc062723c751e8b465ee728b)  -> (artifact id: 'dbef5060fb93f51e8b69e5b3aa0187f9') in 0.045667 seconds 
  Import took 0.050909 seconds .

========================================================================
Received Import Request.
  Time since last request: 0.003938 seconds.
  path: Assets/Prefabs/Characters/Ganfaul Variant.prefab
  artifactKey: Guid(a871d18ed64d87746bca538e654a269a) Importer(815301076,1909f56bfc062723c751e8b465ee728b)
Start importing Assets/Prefabs/Characters/Ganfaul Variant.prefab using Guid(a871d18ed64d87746bca538e654a269a) Importer(815301076,1909f56bfc062723c751e8b465ee728b)  -> (artifact id: 'dbef5060fb93f51e8b69e5b3aa0187f9') in 0.031985 seconds 
  Import took 0.037584 seconds .

========================================================================
Received Import Request.
  Time since last request: 14.276766 seconds.
  path: Assets/Prefabs/Characters/Ganfaul Variant.prefab
  artifactKey: Guid(a871d18ed64d87746bca538e654a269a) Importer(815301076,1909f56bfc062723c751e8b465ee728b)
Start importing Assets/Prefabs/Characters/Ganfaul Variant.prefab using Guid(a871d18ed64d87746bca538e654a269a) Importer(815301076,1909f56bfc062723c751e8b465ee728b)  -> (artifact id: '8fdc6f13256922bcfd8d6793181d38eb') in 0.037778 seconds 
  Import took 0.042443 seconds .

========================================================================
Received Import Request.
  Time since last request: 7.867850 seconds.
  path: Assets/Prefabs/Characters/Ganfaul Variant.prefab
  artifactKey: Guid(a871d18ed64d87746bca538e654a269a) Importer(815301076,1909f56bfc062723c751e8b465ee728b)
Start importing Assets/Prefabs/Characters/Ganfaul Variant.prefab using Guid(a871d18ed64d87746bca538e654a269a) Importer(815301076,1909f56bfc062723c751e8b465ee728b)  -> (artifact id: '5d3e79e936f62df1d24ea443204ab22a') in 0.034157 seconds 
  Import took 0.038268 seconds .

========================================================================
Received Import Request.
  Time since last request: 0.009733 seconds.
  path: Assets/Prefabs/Characters/Ganfaul Variant.prefab
  artifactKey: Guid(a871d18ed64d87746bca538e654a269a) Importer(815301076,1909f56bfc062723c751e8b465ee728b)
Start importing Assets/Prefabs/Characters/Ganfaul Variant.prefab using Guid(a871d18ed64d87746bca538e654a269a) Importer(815301076,1909f56bfc062723c751e8b465ee728b)  -> (artifact id: '5d3e79e936f62df1d24ea443204ab22a') in 0.083469 seconds 
  Import took 0.087154 seconds .

========================================================================
Received Import Request.
  Time since last request: 6.080663 seconds.
  path: Assets/Prefabs/Characters/Ganfaul Variant.prefab
  artifactKey: Guid(a871d18ed64d87746bca538e654a269a) Importer(815301076,1909f56bfc062723c751e8b465ee728b)
Start importing Assets/Prefabs/Characters/Ganfaul Variant.prefab using Guid(a871d18ed64d87746bca538e654a269a) Importer(815301076,1909f56bfc062723c751e8b465ee728b)  -> (artifact id: '613a4f9118a6e0f71be3bb191cf99d80') in 0.033969 seconds 
  Import took 0.047132 seconds .

========================================================================
Received Import Request.
  Time since last request: 2.056616 seconds.
  path: Assets/Prefabs/Characters/Ganfaul Variant.prefab
  artifactKey: Guid(a871d18ed64d87746bca538e654a269a) Importer(815301076,1909f56bfc062723c751e8b465ee728b)
Start importing Assets/Prefabs/Characters/Ganfaul Variant.prefab using Guid(a871d18ed64d87746bca538e654a269a) Importer(815301076,1909f56bfc062723c751e8b465ee728b)  -> (artifact id: '11acb3a40e09784fbb07b85a079da746') in 0.042019 seconds 
  Import took 0.046597 seconds .

========================================================================
Received Import Request.
  Time since last request: 12.367202 seconds.
  path: Assets/Prefabs/Characters/Ganfaul Variant.prefab
  artifactKey: Guid(a871d18ed64d87746bca538e654a269a) Importer(815301076,1909f56bfc062723c751e8b465ee728b)
Start importing Assets/Prefabs/Characters/Ganfaul Variant.prefab using Guid(a871d18ed64d87746bca538e654a269a) Importer(815301076,1909f56bfc062723c751e8b465ee728b)  -> (artifact id: 'a06487ceb37296ad69796279da40c19d') in 0.030876 seconds 
  Import took 0.035055 seconds .

========================================================================
Received Import Request.
  Time since last request: 171.764263 seconds.
  path: Assets/Prefabs/Characters/Ganfaul Variant.prefab
  artifactKey: Guid(a871d18ed64d87746bca538e654a269a) Importer(815301076,1909f56bfc062723c751e8b465ee728b)
Start importing Assets/Prefabs/Characters/Ganfaul Variant.prefab using Guid(a871d18ed64d87746bca538e654a269a) Importer(815301076,1909f56bfc062723c751e8b465ee728b)  -> (artifact id: 'eb3f27c263bb51b2e1a0e89ccb777e86') in 0.037723 seconds 
  Import took 0.042248 seconds .

========================================================================
Received Import Request.
  Time since last request: 16.532814 seconds.
  path: Assets/Textures/Characters/Ganfaul/Ganfaul_diffuse.png
  artifactKey: Guid(6f3f27b8ee279f34497b0c52b0a76e44) Importer(815301076,1909f56bfc062723c751e8b465ee728b)
Start importing Assets/Textures/Characters/Ganfaul/Ganfaul_diffuse.png using Guid(6f3f27b8ee279f34497b0c52b0a76e44) Importer(815301076,1909f56bfc062723c751e8b465ee728b)  -> (artifact id: '0f78a1399d1a849c439da86551c042c9') in 0.018767 seconds 
  Import took 0.022438 seconds .

========================================================================
Received Import Request.
  Time since last request: 0.000329 seconds.
  path: Assets/Textures/Characters/Ganfaul/Ganfaul_glow.png
  artifactKey: Guid(9ed38460930761a4d9f93536e8dee4ca) Importer(815301076,1909f56bfc062723c751e8b465ee728b)
Start importing Assets/Textures/Characters/Ganfaul/Ganfaul_glow.png using Guid(9ed38460930761a4d9f93536e8dee4ca) Importer(815301076,1909f56bfc062723c751e8b465ee728b)  -> (artifact id: '820d16ee5cec24603234d8f23ef66bc0') in 0.016518 seconds 
  Import took 0.045909 seconds .

========================================================================
Received Import Request.
  Time since last request: 0.000350 seconds.
  path: Assets/Textures/Characters/Ganfaul/Ganfaul_specular.png
  artifactKey: Guid(28da541338dfe1b44a66e799ffd1a00d) Importer(815301076,1909f56bfc062723c751e8b465ee728b)
Start importing Assets/Textures/Characters/Ganfaul/Ganfaul_specular.png using Guid(28da541338dfe1b44a66e799ffd1a00d) Importer(815301076,1909f56bfc062723c751e8b465ee728b)  -> (artifact id: '545fc036a4064e4d19c1c0b2e1855366') in 0.020511 seconds 
  Import took 0.024813 seconds .

========================================================================
Received Import Request.
  Time since last request: 0.000322 seconds.
  path: Assets/Textures/Characters/Ganfaul/Ganfaul_glow.png
  artifactKey: Guid(9ed38460930761a4d9f93536e8dee4ca) Importer(815301076,1909f56bfc062723c751e8b465ee728b)
Start importing Assets/Textures/Characters/Ganfaul/Ganfaul_glow.png using Guid(9ed38460930761a4d9f93536e8dee4ca) Importer(815301076,1909f56bfc062723c751e8b465ee728b)  -> (artifact id: '820d16ee5cec24603234d8f23ef66bc0') in 0.015345 seconds 
  Import took 0.019384 seconds .

========================================================================
Received Import Request.
  Time since last request: 0.000311 seconds.
  path: Assets/Textures/Characters/Ganfaul/Ganfaul_normal.png
  artifactKey: Guid(5c1ef6fde19117b4683e164f669d56db) Importer(815301076,1909f56bfc062723c751e8b465ee728b)
Start importing Assets/Textures/Characters/Ganfaul/Ganfaul_normal.png using Guid(5c1ef6fde19117b4683e164f669d56db) Importer(815301076,1909f56bfc062723c751e8b465ee728b)  -> (artifact id: 'cd58acdf2a1837452971cd8092249923') in 0.023722 seconds 
  Import took 0.035303 seconds .

========================================================================
Received Import Request.
  Time since last request: 85.831197 seconds.
  path: Assets/Prefabs/Characters/Ganfaul Variant.prefab
  artifactKey: Guid(a871d18ed64d87746bca538e654a269a) Importer(815301076,1909f56bfc062723c751e8b465ee728b)
Start importing Assets/Prefabs/Characters/Ganfaul Variant.prefab using Guid(a871d18ed64d87746bca538e654a269a) Importer(815301076,1909f56bfc062723c751e8b465ee728b)  -> (artifact id: 'd5680c8f7ad2dc0240b2c719ed54ca1e') in 0.346659 seconds 
  Import took 0.352054 seconds .

========================================================================
Received Prepare
Registering precompiled user dll's ...
Registered in 0.005925 seconds.
Begin MonoManager ReloadAssembly
Native extension for WindowsStandalone target not found
Native extension for WebGL target not found
Refreshing native plugins compatible for Editor in 0.41 ms, found 2 plugins.
Preloading 0 native plugins for Editor in 0.00 ms.
Mono: successfully reloaded assembly
- Completed reload, in  1.516 seconds
Domain Reload Profiling:
	ReloadAssembly (1517ms)
		BeginReloadAssembly (165ms)
			ExecutionOrderSort (0ms)
			DisableScriptedObjects (6ms)
			BackupInstance (0ms)
			ReleaseScriptingObjects (0ms)
			CreateAndSetChildDomain (42ms)
		EndReloadAssembly (1271ms)
			LoadAssemblies (126ms)
			RebuildTransferFunctionScriptingTraits (0ms)
			SetupTypeCache (397ms)
			ReleaseScriptCaches (1ms)
			RebuildScriptCaches (65ms)
			SetupLoadedEditorAssemblies (550ms)
				LogAssemblyErrors (0ms)
				InitializePlatformSupportModulesInManaged (8ms)
				SetLoadedEditorAssemblies (1ms)
				RefreshPlugins (0ms)
				BeforeProcessingInitializeOnLoad (125ms)
				ProcessInitializeOnLoadAttributes (397ms)
				ProcessInitializeOnLoadMethodAttributes (5ms)
				AfterProcessingInitializeOnLoad (13ms)
				EditorAssembliesLoaded (0ms)
			ExecutionOrderSort2 (0ms)
			AwakeInstancesAfterBackupRestoration (10ms)
Platform modules already initialized, skipping
Refreshing native plugins compatible for Editor in 0.40 ms, found 2 plugins.
Preloading 0 native plugins for Editor in 0.00 ms.
Unloading 1396 Unused Serialized files (Serialized files now loaded: 0)
System memory in use before: 94.8 MB.
System memory in use after: 95.0 MB.

Unloading 13 unused Assets to reduce memory usage. Loaded Objects now: 1903.
Total: 3.692300 ms (FindLiveObjects: 0.219300 ms CreateObjectMapping: 0.128100 ms MarkObjects: 3.317300 ms  DeleteObjects: 0.025500 ms)

AssetImportParameters requested are different than current active one (requested -> active):
  custom:framework-win-MediaFoundation: 216162199b28c13a410421893ffa2e32 -> 
  custom:video-decoder-ogg-theora: a1e56fd34408186e4bbccfd4996cb3dc -> 
  custom:container-muxer-webm: aa71ff27fc2769a1b78a27578f13a17b -> 
  custom:container-demuxer-webm: 4f35f7cbe854078d1ac9338744f61a02 -> 
  custom:container-demuxer-ogg: 62fdf1f143b41e24485cea50d1cbac27 -> 
  custom:video-encoder-webm-vp8: eb34c28f22e8b96e1ab97ce403110664 -> 
  custom:video-decoder-webm-vp8: 9c59270c3fd7afecdb556c50c9e8de78 -> 
  custom:audio-decoder-ogg-vorbis: bf7c407c2cedff20999df2af8eb42d56 -> 
  custom:audio-encoder-webm-vorbis: bf7c407c2cedff20999df2af8eb42d56 -> 
========================================================================
Received Import Request.
  Time since last request: 85.854325 seconds.
  path: Assets/Prefabs/Characters/Ganfaul Variant.prefab
  artifactKey: Guid(a871d18ed64d87746bca538e654a269a) Importer(815301076,1909f56bfc062723c751e8b465ee728b)
Start importing Assets/Prefabs/Characters/Ganfaul Variant.prefab using Guid(a871d18ed64d87746bca538e654a269a) Importer(815301076,1909f56bfc062723c751e8b465ee728b)  -> (artifact id: 'a9f0234efc60e5314a0886fc18d4149d') in 0.415581 seconds 
  Import took 0.420847 seconds .

========================================================================
Received Import Request.
  Time since last request: 10.237229 seconds.
  path: Assets/Prefabs/Characters/Ganfaul Variant.prefab
  artifactKey: Guid(a871d18ed64d87746bca538e654a269a) Importer(815301076,1909f56bfc062723c751e8b465ee728b)
Start importing Assets/Prefabs/Characters/Ganfaul Variant.prefab using Guid(a871d18ed64d87746bca538e654a269a) Importer(815301076,1909f56bfc062723c751e8b465ee728b)  -> (artifact id: 'a771cefd52f3c2f8bd861d0b26cae9ce') in 0.339956 seconds 
  Import took 0.345552 seconds .

========================================================================
Received Prepare
Registering precompiled user dll's ...
Registered in 0.005963 seconds.
Begin MonoManager ReloadAssembly
Native extension for WindowsStandalone target not found
Native extension for WebGL target not found
Refreshing native plugins compatible for Editor in 0.42 ms, found 2 plugins.
Preloading 0 native plugins for Editor in 0.00 ms.
Mono: successfully reloaded assembly
- Completed reload, in  1.499 seconds
Domain Reload Profiling:
	ReloadAssembly (1499ms)
		BeginReloadAssembly (172ms)
			ExecutionOrderSort (0ms)
			DisableScriptedObjects (6ms)
			BackupInstance (0ms)
			ReleaseScriptingObjects (0ms)
			CreateAndSetChildDomain (41ms)
		EndReloadAssembly (1238ms)
			LoadAssemblies (144ms)
			RebuildTransferFunctionScriptingTraits (0ms)
			SetupTypeCache (360ms)
			ReleaseScriptCaches (1ms)
			RebuildScriptCaches (72ms)
			SetupLoadedEditorAssemblies (547ms)
				LogAssemblyErrors (0ms)
				InitializePlatformSupportModulesInManaged (9ms)
				SetLoadedEditorAssemblies (1ms)
				RefreshPlugins (1ms)
				BeforeProcessingInitializeOnLoad (130ms)
				ProcessInitializeOnLoadAttributes (392ms)
				ProcessInitializeOnLoadMethodAttributes (4ms)
				AfterProcessingInitializeOnLoad (10ms)
				EditorAssembliesLoaded (0ms)
			ExecutionOrderSort2 (0ms)
			AwakeInstancesAfterBackupRestoration (9ms)
Platform modules already initialized, skipping
Refreshing native plugins compatible for Editor in 0.42 ms, found 2 plugins.
Preloading 0 native plugins for Editor in 0.00 ms.
Unloading 1396 Unused Serialized files (Serialized files now loaded: 0)
System memory in use before: 94.8 MB.
System memory in use after: 94.9 MB.

Unloading 13 unused Assets to reduce memory usage. Loaded Objects now: 1906.
Total: 4.859800 ms (FindLiveObjects: 0.218200 ms CreateObjectMapping: 0.133000 ms MarkObjects: 4.479800 ms  DeleteObjects: 0.026400 ms)

AssetImportParameters requested are different than current active one (requested -> active):
  custom:framework-win-MediaFoundation: 216162199b28c13a410421893ffa2e32 -> 
  custom:video-decoder-ogg-theora: a1e56fd34408186e4bbccfd4996cb3dc -> 
  custom:container-muxer-webm: aa71ff27fc2769a1b78a27578f13a17b -> 
  custom:container-demuxer-webm: 4f35f7cbe854078d1ac9338744f61a02 -> 
  custom:container-demuxer-ogg: 62fdf1f143b41e24485cea50d1cbac27 -> 
  custom:video-encoder-webm-vp8: eb34c28f22e8b96e1ab97ce403110664 -> 
  custom:video-decoder-webm-vp8: 9c59270c3fd7afecdb556c50c9e8de78 -> 
  custom:audio-decoder-ogg-vorbis: bf7c407c2cedff20999df2af8eb42d56 -> 
  custom:audio-encoder-webm-vorbis: bf7c407c2cedff20999df2af8eb42d56 -> 
========================================================================
Received Import Request.
  Time since last request: 21.331192 seconds.
  path: Assets/Prefabs/Characters/Ganfaul Variant.prefab
  artifactKey: Guid(a871d18ed64d87746bca538e654a269a) Importer(815301076,1909f56bfc062723c751e8b465ee728b)
Start importing Assets/Prefabs/Characters/Ganfaul Variant.prefab using Guid(a871d18ed64d87746bca538e654a269a) Importer(815301076,1909f56bfc062723c751e8b465ee728b)  -> (artifact id: 'e7469bc7931fef7bdcccf00b4963d85f') in 0.474399 seconds 
  Import took 0.480566 seconds .

========================================================================
Received Prepare
Registering precompiled user dll's ...
Registered in 0.005852 seconds.
Begin MonoManager ReloadAssembly
Native extension for WindowsStandalone target not found
Native extension for WebGL target not found
Refreshing native plugins compatible for Editor in 0.40 ms, found 2 plugins.
Preloading 0 native plugins for Editor in 0.00 ms.
Mono: successfully reloaded assembly
- Completed reload, in  1.443 seconds
Domain Reload Profiling:
	ReloadAssembly (1443ms)
		BeginReloadAssembly (157ms)
			ExecutionOrderSort (0ms)
			DisableScriptedObjects (6ms)
			BackupInstance (0ms)
			ReleaseScriptingObjects (0ms)
			CreateAndSetChildDomain (44ms)
		EndReloadAssembly (1200ms)
			LoadAssemblies (119ms)
			RebuildTransferFunctionScriptingTraits (0ms)
			SetupTypeCache (413ms)
			ReleaseScriptCaches (1ms)
			RebuildScriptCaches (54ms)
			SetupLoadedEditorAssemblies (488ms)
				LogAssemblyErrors (0ms)
				InitializePlatformSupportModulesInManaged (8ms)
				SetLoadedEditorAssemblies (1ms)
				RefreshPlugins (0ms)
				BeforeProcessingInitializeOnLoad (114ms)
				ProcessInitializeOnLoadAttributes (350ms)
				ProcessInitializeOnLoadMethodAttributes (5ms)
				AfterProcessingInitializeOnLoad (10ms)
				EditorAssembliesLoaded (0ms)
			ExecutionOrderSort2 (0ms)
			AwakeInstancesAfterBackupRestoration (9ms)
Platform modules already initialized, skipping
Refreshing native plugins compatible for Editor in 0.42 ms, found 2 plugins.
Preloading 0 native plugins for Editor in 0.00 ms.
Unloading 1396 Unused Serialized files (Serialized files now loaded: 0)
System memory in use before: 94.9 MB.
System memory in use after: 95.0 MB.

Unloading 13 unused Assets to reduce memory usage. Loaded Objects now: 1909.
Total: 3.905100 ms (FindLiveObjects: 0.210500 ms CreateObjectMapping: 0.111200 ms MarkObjects: 3.551000 ms  DeleteObjects: 0.030700 ms)

AssetImportParameters requested are different than current active one (requested -> active):
  custom:framework-win-MediaFoundation: 216162199b28c13a410421893ffa2e32 -> 
  custom:video-decoder-ogg-theora: a1e56fd34408186e4bbccfd4996cb3dc -> 
  custom:container-muxer-webm: aa71ff27fc2769a1b78a27578f13a17b -> 
  custom:container-demuxer-webm: 4f35f7cbe854078d1ac9338744f61a02 -> 
  custom:container-demuxer-ogg: 62fdf1f143b41e24485cea50d1cbac27 -> 
  custom:video-encoder-webm-vp8: eb34c28f22e8b96e1ab97ce403110664 -> 
  custom:video-decoder-webm-vp8: 9c59270c3fd7afecdb556c50c9e8de78 -> 
  custom:audio-decoder-ogg-vorbis: bf7c407c2cedff20999df2af8eb42d56 -> 
  custom:audio-encoder-webm-vorbis: bf7c407c2cedff20999df2af8eb42d56 -> 
AssetImportWorkerClient::OnTransportError - code=2 error=End of file
